# JRE version: Java(TM) SE Runtime Environment (17.0.6+9) (build 17.0.6+9-LTS-190)
# Java VM: Java HotSpot(TM) 64-Bit Server VM (17.0.6+9-LTS-190, mixed mode, sharing, tiered, compressed oops, compressed class ptrs, g1 gc, windows-amd64)
GC Precious Log:
 CPUs: 4 total, 4 available
 Memory: 8103M
 Large Page Support: Disabled
 NUMA Support: Disabled
 Compressed Oops: Enabled (32-bit)
 Heap Region Size: 1M
 Heap Min Capacity: 8M
 Heap Initial Capacity: 128M
 Heap Max Capacity: 2026M
 Pre-touch: Disabled
 Parallel Workers: 4
 Concurrent Workers: 1
 Concurrent Refinement Workers: 4
 Periodic GC: Disabled
Heap:
 garbage-first heap   total 53248K, used 40731K [0x0000000081600000, 0x0000000100000000)
  region size 1024K, 13 young (13312K), 1 survivors (1024K)
 Metaspace       used 34222K, committed 34496K, reserved 1081344K
  class space    used 4049K, committed 4160K, reserved 1048576K
GC Heap History (20 events):
Event: 15.977 GC heap after
{Heap after GC invocations=6 (full 0):
 garbage-first heap   total 51200K, used 20412K [0x0000000081600000, 0x0000000100000000)
  region size 1024K, 2 young (2048K), 2 survivors (2048K)
 Metaspace       used 25890K, committed 26112K, reserved 1073152K
  class space    used 3205K, committed 3328K, reserved 1048576K
}
Event: 16.533 GC heap before
{Heap before GC invocations=6 (full 0):
 garbage-first heap   total 51200K, used 35772K [0x0000000081600000, 0x0000000100000000)
  region size 1024K, 17 young (17408K), 2 survivors (2048K)
 Metaspace       used 29563K, committed 29824K, reserved 1081344K
  class space    used 3646K, committed 3776K, reserved 1048576K
}
Event: 16.537 GC heap after
{Heap after GC invocations=7 (full 0):
 garbage-first heap   total 51200K, used 20876K [0x0000000081600000, 0x0000000100000000)
  region size 1024K, 3 young (3072K), 3 survivors (3072K)
 Metaspace       used 29563K, committed 29824K, reserved 1081344K
  class space    used 3646K, committed 3776K, reserved 1048576K
}
Event: 16.590 GC heap before
{Heap before GC invocations=7 (full 0):
 garbage-first heap   total 51200K, used 36236K [0x0000000081600000, 0x0000000100000000)
  region size 1024K, 18 young (18432K), 3 survivors (3072K)
 Metaspace       used 29587K, committed 29824K, reserved 1081344K
  class space    used 3646K, committed 3776K, reserved 1048576K
}
Event: 16.601 GC heap after
{Heap after GC invocations=8 (full 0):
 garbage-first heap   total 51200K, used 21335K [0x0000000081600000, 0x0000000100000000)
  region size 1024K, 2 young (2048K), 2 survivors (2048K)
 Metaspace       used 29587K, committed 29824K, reserved 1081344K
  class space    used 3646K, committed 3776K, reserved 1048576K
}
Event: 16.630 GC heap before
{Heap before GC invocations=8 (full 0):
 garbage-first heap   total 51200K, used 36695K [0x0000000081600000, 0x0000000100000000)
  region size 1024K, 17 young (17408K), 2 survivors (2048K)
 Metaspace       used 29587K, committed 29824K, reserved 1081344K
  class space    used 3646K, committed 3776K, reserved 1048576K
}
Event: 16.633 GC heap after
{Heap after GC invocations=9 (full 0):
 garbage-first heap   total 51200K, used 21756K [0x0000000081600000, 0x0000000100000000)
  region size 1024K, 2 young (2048K), 2 survivors (2048K)
 Metaspace       used 29587K, committed 29824K, reserved 1081344K
  class space    used 3646K, committed 3776K, reserved 1048576K
}
Event: 16.988 GC heap before
{Heap before GC invocations=9 (full 0):
 garbage-first heap   total 51200K, used 37116K [0x0000000081600000, 0x0000000100000000)
  region size 1024K, 18 young (18432K), 2 survivors (2048K)
 Metaspace       used 31280K, committed 31488K, reserved 1081344K
  class space    used 3858K, committed 3968K, reserved 1048576K
}
Event: 16.992 GC heap after
{Heap after GC invocations=10 (full 0):
 garbage-first heap   total 51200K, used 22443K [0x0000000081600000, 0x0000000100000000)
  region size 1024K, 2 young (2048K), 2 survivors (2048K)
 Metaspace       used 31280K, committed 31488K, reserved 1081344K
  class space    used 3858K, committed 3968K, reserved 1048576K
}
Event: 24.418 GC heap before
{Heap before GC invocations=10 (full 0):
 garbage-first heap   total 51200K, used 38827K [0x0000000081600000, 0x0000000100000000)
  region size 1024K, 19 young (19456K), 2 survivors (2048K)
 Metaspace       used 32740K, committed 32960K, reserved 1081344K
  class space    used 4003K, committed 4096K, reserved 1048576K
}
Event: 24.423 GC heap after
{Heap after GC invocations=11 (full 0):
 garbage-first heap   total 51200K, used 23287K [0x0000000081600000, 0x0000000100000000)
  region size 1024K, 3 young (3072K), 3 survivors (3072K)
 Metaspace       used 32740K, committed 32960K, reserved 1081344K
  class space    used 4003K, committed 4096K, reserved 1048576K
}
Event: 32.010 GC heap before
{Heap before GC invocations=11 (full 0):
 garbage-first heap   total 51200K, used 42743K [0x0000000081600000, 0x0000000100000000)
  region size 1024K, 18 young (18432K), 3 survivors (3072K)
 Metaspace       used 33154K, committed 33408K, reserved 1081344K
  class space    used 4008K, committed 4096K, reserved 1048576K
}
Event: 32.016 GC heap after
{Heap after GC invocations=12 (full 0):
 garbage-first heap   total 51200K, used 29310K [0x0000000081600000, 0x0000000100000000)
  region size 1024K, 2 young (2048K), 2 survivors (2048K)
 Metaspace       used 33154K, committed 33408K, reserved 1081344K
  class space    used 4008K, committed 4096K, reserved 1048576K
}
Event: 32.483 GC heap before
{Heap before GC invocations=12 (full 0):
 garbage-first heap   total 51200K, used 40574K [0x0000000081600000, 0x0000000100000000)
  region size 1024K, 13 young (13312K), 2 survivors (2048K)
 Metaspace       used 33338K, committed 33600K, reserved 1081344K
  class space    used 4009K, committed 4096K, reserved 1048576K
}
Event: 32.486 GC heap after
{Heap after GC invocations=13 (full 0):
 garbage-first heap   total 51200K, used 29172K [0x0000000081600000, 0x0000000100000000)
  region size 1024K, 1 young (1024K), 1 survivors (1024K)
 Metaspace       used 33338K, committed 33600K, reserved 1081344K
  class space    used 4009K, committed 4096K, reserved 1048576K
}
Event: 32.884 GC heap before
{Heap before GC invocations=14 (full 0):
 garbage-first heap   total 53248K, used 40436K [0x0000000081600000, 0x0000000100000000)
  region size 1024K, 12 young (12288K), 1 survivors (1024K)
 Metaspace       used 33443K, committed 33728K, reserved 1081344K
  class space    used 4009K, committed 4096K, reserved 1048576K
}
Event: 32.887 GC heap after
{Heap after GC invocations=15 (full 0):
 garbage-first heap   total 53248K, used 29042K [0x0000000081600000, 0x0000000100000000)
  region size 1024K, 1 young (1024K), 1 survivors (1024K)
 Metaspace       used 33443K, committed 33728K, reserved 1081344K
  class space    used 4009K, committed 4096K, reserved 1048576K
}
Event: 37.414 GC heap before
{Heap before GC invocations=15 (full 0):
 garbage-first heap   total 53248K, used 42354K [0x0000000081600000, 0x0000000100000000)
  region size 1024K, 14 young (14336K), 1 survivors (1024K)
 Metaspace       used 33727K, committed 34048K, reserved 1081344K
  class space    used 4019K, committed 4160K, reserved 1048576K
}
Event: 37.416 GC heap after
{Heap after GC invocations=16 (full 0):
 garbage-first heap   total 53248K, used 28996K [0x0000000081600000, 0x0000000100000000)
  region size 1024K, 1 young (1024K), 1 survivors (1024K)
 Metaspace       used 33727K, committed 34048K, reserved 1081344K
  class space    used 4019K, committed 4160K, reserved 1048576K
}
Event: 73.133 GC heap before
{Heap before GC invocations=17 (full 0):
 garbage-first heap   total 53248K, used 39236K [0x0000000081600000, 0x0000000100000000)
  region size 1024K, 13 young (13312K), 1 survivors (1024K)
 Metaspace       used 34222K, committed 34496K, reserved 1081344K
  class space    used 4049K, committed 4160K, reserved 1048576K
}

