<?xml version="1.0" encoding="UTF-8"?>
<!-- Generated by org.testng.reporters.JUnitXMLReporter -->
<testsuite ignored="0" hostname="DESKTOP-BH6QJ6H" failures="0" tests="17" name="Test" time="0.443" errors="0" timestamp="2023-07-24T14:50:18 IST">
  <testcase classname="PatternPrograms.Pattern17" name="main" time="0.02"/>
  <testcase classname="PatternPrograms.Pattern16" name="main" time="0.011"/>
  <testcase classname="PatternPrograms.Pattern11" name="pattern" time="0.006"/>
  <testcase classname="PatternPrograms.Pattern10" name="pattern" time="0.035"/>
  <testcase classname="PatternPrograms.Pattern15" name="main" time="0.014"/>
  <testcase classname="PatternPrograms.Pattern14" name="main" time="0.025"/>
  <testcase classname="PatternPrograms.Pattern13" name="main" time="0.012"/>
  <testcase classname="PatternPrograms.Pattern12" name="pattern" time="0.007"/>
  <testcase classname="PatternPrograms.Pattern1" name="pattern" time="0.008"/>
  <testcase classname="PatternPrograms.Pattern2" name="pattering" time="0.006"/>
  <testcase classname="PatternPrograms.Pattern3" name="main" time="0.007"/>
  <testcase classname="PatternPrograms.Pattern4" name="main" time="0.006"/>
  <testcase classname="PatternPrograms.Pattern5" name="main" time="0.017"/>
  <testcase classname="PatternPrograms.Pattern6" name="main" time="0.026"/>
  <testcase classname="PatternPrograms.Pattern7" name="main" time="0.006"/>
  <testcase classname="PatternPrograms.Pattern8" name="pattern" time="0.002"/>
  <testcase classname="PatternPrograms.Pattern9" name="pattern" time="0.002"/>
</testsuite> <!-- Test -->
