<?xml version="1.0" encoding="UTF-8"?>
<testng-results ignored="0" total="1" passed="1" failed="0" skipped="0">
  <reporter-output>
    <line>
      <![CDATA[Logged in Successfully]]>
    </line>
    <line>
      <![CDATA[Testingis verified PASS]]>
    </line>
    <line>
      <![CDATA[Developmentis verified PASS]]>
    </line>
    <line>
      <![CDATA[Corporate deleted]]>
    </line>
  </reporter-output>
  <suite started-at="2023-07-12T17:04:19 IST" name="Suite" finished-at="2023-07-12T17:04:35 IST" duration-ms="15242">
    <groups>
    </groups>
    <test started-at="2023-07-12T17:04:19 IST" name="Test" finished-at="2023-07-12T17:04:35 IST" duration-ms="15242">
      <class name="hrm.headtest.CorporateTest">
        <test-method is-config="true" signature="Openbrowser()[pri:0, instance:hrm.headtest.CorporateTest@6572421]" started-at="2023-07-12T17:04:19 IST" name="Openbrowser" finished-at="2023-07-12T17:04:26 IST" duration-ms="6327" status="PASS">
          <reporter-output>
          </reporter-output>
        </test-method> <!-- Openbrowser -->
        <test-method is-config="true" signature="login()[pri:0, instance:hrm.headtest.CorporateTest@6572421]" started-at="2023-07-12T17:04:26 IST" name="login" finished-at="2023-07-12T17:04:27 IST" duration-ms="1191" status="PASS">
          <reporter-output>
            <line>
              <![CDATA[Logged in Successfully]]>
            </line>
          </reporter-output>
        </test-method> <!-- login -->
        <test-method signature="Corporate()[pri:0, instance:hrm.headtest.CorporateTest@6572421]" started-at="2023-07-12T17:04:27 IST" name="Corporate" finished-at="2023-07-12T17:04:34 IST" duration-ms="7103" status="PASS">
          <reporter-output>
            <line>
              <![CDATA[Testingis verified PASS]]>
            </line>
            <line>
              <![CDATA[Developmentis verified PASS]]>
            </line>
            <line>
              <![CDATA[Corporate deleted]]>
            </line>
          </reporter-output>
        </test-method> <!-- Corporate -->
        <test-method is-config="true" signature="logout()[pri:0, instance:hrm.headtest.CorporateTest@6572421]" started-at="2023-07-12T17:04:34 IST" name="logout" finished-at="2023-07-12T17:04:34 IST" duration-ms="295" status="PASS">
          <reporter-output>
          </reporter-output>
        </test-method> <!-- logout -->
        <test-method is-config="true" signature="Closebrowser()[pri:0, instance:hrm.headtest.CorporateTest@6572421]" started-at="2023-07-12T17:04:34 IST" name="Closebrowser" finished-at="2023-07-12T17:04:35 IST" duration-ms="245" status="PASS">
          <reporter-output>
          </reporter-output>
        </test-method> <!-- Closebrowser -->
      </class> <!-- hrm.headtest.CorporateTest -->
    </test> <!-- Test -->
  </suite> <!-- Suite -->
</testng-results>
