<?xml version="1.0" encoding="UTF-8"?>
<testng-results ignored="0" total="1" passed="1" failed="0" skipped="0">
  <reporter-output>
  </reporter-output>
  <suite started-at="2023-08-25T12:55:26 IST" name="Default suite" finished-at="2023-08-25T12:55:37 IST" duration-ms="10677">
    <groups>
    </groups>
    <test started-at="2023-08-25T12:55:26 IST" name="Default test" finished-at="2023-08-25T12:55:37 IST" duration-ms="10677">
      <class name="practice.Cosmocode">
        <test-method signature="cosmo()[pri:0, instance:practice.Cosmocode@32eff876]" started-at="2023-08-25T12:55:26 IST" name="cosmo" finished-at="2023-08-25T12:55:37 IST" duration-ms="10620" status="PASS">
          <reporter-output>
          </reporter-output>
        </test-method> <!-- cosmo -->
      </class> <!-- practice.Cosmocode -->
    </test> <!-- Default test -->
  </suite> <!-- Default suite -->
</testng-results>
