<?xml version="1.0" encoding="UTF-8"?>
<testng-results ignored="0" total="1" passed="1" failed="0" skipped="0">
  <reporter-output>
    <line>
      <![CDATA[Logged in Successfully]]>
    </line>
    <line>
      <![CDATA[Testingis verified PASS]]>
    </line>
    <line>
      <![CDATA[Developmentis verified PASS]]>
    </line>
    <line>
      <![CDATA[Corporate deleted]]>
    </line>
  </reporter-output>
  <suite started-at="2023-07-13T14:18:37 IST" name="Default suite" finished-at="2023-07-13T14:18:53 IST" duration-ms="15457">
    <groups>
    </groups>
    <test started-at="2023-07-13T14:18:37 IST" name="Default test" finished-at="2023-07-13T14:18:53 IST" duration-ms="15457">
      <class name="hrm.headtest.CorporateTest">
        <test-method is-config="true" signature="Openbrowser()[pri:0, instance:hrm.headtest.CorporateTest@2a798d51]" started-at="2023-07-13T14:18:37 IST" name="Openbrowser" finished-at="2023-07-13T14:18:44 IST" duration-ms="6691" status="PASS">
          <reporter-output>
          </reporter-output>
        </test-method> <!-- Openbrowser -->
        <test-method is-config="true" signature="login()[pri:0, instance:hrm.headtest.CorporateTest@2a798d51]" started-at="2023-07-13T14:18:44 IST" name="login" finished-at="2023-07-13T14:18:45 IST" duration-ms="1174" status="PASS">
          <reporter-output>
            <line>
              <![CDATA[Logged in Successfully]]>
            </line>
          </reporter-output>
        </test-method> <!-- login -->
        <test-method signature="Corporate()[pri:0, instance:hrm.headtest.CorporateTest@2a798d51]" started-at="2023-07-13T14:18:45 IST" name="Corporate" finished-at="2023-07-13T14:18:52 IST" duration-ms="6959" status="PASS">
          <reporter-output>
            <line>
              <![CDATA[Testingis verified PASS]]>
            </line>
            <line>
              <![CDATA[Developmentis verified PASS]]>
            </line>
            <line>
              <![CDATA[Corporate deleted]]>
            </line>
          </reporter-output>
        </test-method> <!-- Corporate -->
        <test-method is-config="true" signature="logout()[pri:0, instance:hrm.headtest.CorporateTest@2a798d51]" started-at="2023-07-13T14:18:52 IST" name="logout" finished-at="2023-07-13T14:18:52 IST" duration-ms="259" status="PASS">
          <reporter-output>
          </reporter-output>
        </test-method> <!-- logout -->
        <test-method is-config="true" signature="Closebrowser()[pri:0, instance:hrm.headtest.CorporateTest@2a798d51]" started-at="2023-07-13T14:18:52 IST" name="Closebrowser" finished-at="2023-07-13T14:18:53 IST" duration-ms="309" status="PASS">
          <reporter-output>
          </reporter-output>
        </test-method> <!-- Closebrowser -->
      </class> <!-- hrm.headtest.CorporateTest -->
    </test> <!-- Default test -->
  </suite> <!-- Default suite -->
</testng-results>
